<?xml version="1.0" encoding="UTF-8"?>
<testng-results ignored="0" total="1" passed="1" failed="0" skipped="0">
  <reporter-output>
  </reporter-output>
  <suite started-at="2024-12-18T12:54:52 GMT-08:00" name="Default suite" finished-at="2024-12-18T12:54:56 GMT-08:00" duration-ms="4220">
    <groups>
    </groups>
    <test started-at="2024-12-18T12:54:52 GMT-08:00" name="Default test" finished-at="2024-12-18T12:54:56 GMT-08:00" duration-ms="4220">
      <class name="demo.HTTP_Requests">
        <test-method signature="getUser()[pri:0, instance:demo.HTTP_Requests@292b08d6]" started-at="2024-12-18T12:54:52 GMT-08:00" name="getUser" finished-at="2024-12-18T12:54:56 GMT-08:00" duration-ms="4139" status="PASS">
          <reporter-output>
          </reporter-output>
        </test-method> <!-- getUser -->
      </class> <!-- demo.HTTP_Requests -->
    </test> <!-- Default test -->
  </suite> <!-- Default suite -->
</testng-results>
